/*C2*/SET SCHEMA PUBLIC
CREATE TABLE IF NOT EXISTS AL_CONFIGURATION ( PROPERTY_NAME VARCHAR(255) NOT NULL UNIQUE , PROPERTY_VALUE LONGVARCHAR ) 
CREATE TABLE IF NOT EXISTS AL_GROUPS ( GROUP_NAME VARCHAR(255) NOT NULL PRIMARY KEY , DESCRIPTION LONGVARCHAR ) 
CREATE TABLE IF NOT EXISTS AL_TABLES ( TABLE_NAME VARCHAR(255) NOT NULL PRIMARY KEY , GROUP_NAME VARCHAR(255) , DESCRIPTION LONGVARCHAR ) 
CREATE TABLE IF NOT EXISTS AL_CUSTOM_TYPE ( TABLE_NAME VARCHAR(255) , COLUMN_NAME VARCHAR(255) , TYPE VARCHAR(255) , NAME VARCHAR(255) ) 
CREATE TABLE IF NOT EXISTS AL_VIEWS ( VIEW_NAME VARCHAR(255) NOT NULL UNIQUE , VIEW_DEFINITION LONGVARCHAR , IS_VALID BOOLEAN ) 
CREATE TABLE IF NOT EXISTS AL_SELECTED_LOG_OBJECTS ( NAME VARCHAR(255) NOT NULL UNIQUE , TYPE VARCHAR(255) ) 
CREATE TABLE IF NOT EXISTS AL_DB_OBJECTS ( NAME VARCHAR(255) NOT NULL UNIQUE , TYPE VARCHAR(255) , USAGE VARCHAR(255) ) 
DELETE FROM ESSAI342_KBFS6 WHERE AL_ID=100
DELETE FROM ESSAI342_KBFS6 WHERE AL_ID=101
DELETE FROM ESSAI342_KBFS6 WHERE AL_ID=102
DELETE FROM ESSAI342_KBFS6 WHERE AL_ID=103
DELETE FROM ESSAI342_KBFS6 WHERE AL_ID=104
DELETE FROM ESSAI342_KBFS6 WHERE AL_ID=105
DELETE FROM ESSAI342_KBFS6 WHERE AL_ID=106
DELETE FROM ESSAI342_KBFS6 WHERE AL_ID=107
DELETE FROM ESSAI342_KBFS6 WHERE AL_ID=108
DELETE FROM ESSAI342_KBFS6 WHERE AL_ID=109
DELETE FROM ESSAI342_KBFS6 WHERE AL_ID=110
DELETE FROM ESSAI342_KBFS6 WHERE AL_ID=111
DELETE FROM ESSAI342_KBFS6 WHERE AL_ID=112
DELETE FROM ESSAI342_KBFS6 WHERE AL_ID=113
DELETE FROM ESSAI342_KBFS6 WHERE AL_ID=114
DELETE FROM ESSAI342_KBFS6 WHERE AL_ID=115
DELETE FROM ESSAI342_KBFS6 WHERE AL_ID=116
DELETE FROM ESSAI342_KBFS6 WHERE AL_ID=117
DELETE FROM ESSAI342_KBFS6 WHERE AL_ID=118
DELETE FROM ESSAI342_KBFS6 WHERE AL_ID=119
DELETE FROM ESSAI342_KBFS6 WHERE AL_ID=120
DELETE FROM ESSAI342_KBFS6 WHERE AL_ID=121
DELETE FROM ESSAI342_KBFS6 WHERE AL_ID=122
DELETE FROM ESSAI342_KBFS6 WHERE AL_ID=123
DELETE FROM ESSAI342_KBFS6 WHERE AL_ID=124
DELETE FROM ESSAI342_KBFS6 WHERE AL_ID=125
DELETE FROM ESSAI342_KBFS6 WHERE AL_ID=126
DELETE FROM ESSAI342_KBFS6 WHERE AL_ID=127
DELETE FROM ESSAI342_KBFS6 WHERE AL_ID=128
DELETE FROM ESSAI342_KBFS6 WHERE AL_ID=129
DELETE FROM ESSAI342_KBFS6 WHERE AL_ID=130
DELETE FROM ESSAI342_KBFS6 WHERE AL_ID=131
DELETE FROM ESSAI342_KBFS6 WHERE AL_ID=132
DELETE FROM ESSAI342_KBFS6 WHERE AL_ID=133
DELETE FROM ESSAI342_KBFS6 WHERE AL_ID=134
DELETE FROM ESSAI342_KBFS6 WHERE AL_ID=135
DELETE FROM ESSAI342_KBFS6 WHERE AL_ID=136
DELETE FROM ESSAI342_KBFS6 WHERE AL_ID=137
DELETE FROM ESSAI342_KBFS6 WHERE AL_ID=138
DELETE FROM ESSAI342_KBFS6 WHERE AL_ID=139
DELETE FROM ESSAI342_KBFS6 WHERE AL_ID=140
DELETE FROM ESSAI342_KBFS6 WHERE AL_ID=141
DELETE FROM ESSAI342_KBFS6 WHERE AL_ID=142
DELETE FROM ESSAI342_KBFS6 WHERE AL_ID=143
DELETE FROM ESSAI342_KBFS6 WHERE AL_ID=144
DELETE FROM ESSAI342_KBFS6 WHERE AL_ID=145
DELETE FROM ESSAI342_KBFS6 WHERE AL_ID=146
DELETE FROM ESSAI342_KBFS6 WHERE AL_ID=147
DELETE FROM ESSAI342_KBFS6 WHERE AL_ID=148
DELETE FROM ESSAI342_KBFS6 WHERE AL_ID=149
DELETE FROM ESSAI342_KBFS6 WHERE AL_ID=150
DELETE FROM ESSAI342_KBFS6 WHERE AL_ID=151
DELETE FROM ESSAI342_KBFS6 WHERE AL_ID=152
DELETE FROM ESSAI342_KBFS6 WHERE AL_ID=153
DELETE FROM ESSAI342_KBFS6 WHERE AL_ID=154
DELETE FROM ESSAI342_KBFS6 WHERE AL_ID=155
DELETE FROM ESSAI342_KBFS6 WHERE AL_ID=156
DELETE FROM ESSAI342_KBFS6 WHERE AL_ID=157
DELETE FROM ESSAI342_KBFS6 WHERE AL_ID=158
DELETE FROM ESSAI342_KBFS6 WHERE AL_ID=159
DELETE FROM ESSAI342_KBFS6 WHERE AL_ID=160
DELETE FROM ESSAI342_KBFS6 WHERE AL_ID=161
DELETE FROM ESSAI342_KBFS6 WHERE AL_ID=162
DELETE FROM ESSAI342_KBFS6 WHERE AL_ID=163
DELETE FROM ESSAI342_KBFS6 WHERE AL_ID=164
DELETE FROM ESSAI342_KBFS6 WHERE AL_ID=165
DELETE FROM ESSAI342_KBFS6 WHERE AL_ID=166
DELETE FROM ESSAI342_KBFS6 WHERE AL_ID=167
DELETE FROM ESSAI342_KBFS6 WHERE AL_ID=168
DELETE FROM ESSAI342_KBFS6 WHERE AL_ID=169
DELETE FROM ESSAI342_KBFS6 WHERE AL_ID=170
DELETE FROM ESSAI342_KBFS6 WHERE AL_ID=171
DELETE FROM ESSAI342_KBFS6 WHERE AL_ID=172
DELETE FROM ESSAI342_KBFS6 WHERE AL_ID=173
DELETE FROM ESSAI342_KBFS6 WHERE AL_ID=174
DELETE FROM ESSAI342_KBFS6 WHERE AL_ID=175
DELETE FROM ESSAI342_KBFS6 WHERE AL_ID=176
DELETE FROM ESSAI342_KBFS6 WHERE AL_ID=177
DELETE FROM ESSAI342_KBFS6 WHERE AL_ID=178
DELETE FROM ESSAI342_KBFS6 WHERE AL_ID=179
DELETE FROM ESSAI342_KBFS6 WHERE AL_ID=180
DELETE FROM ESSAI342_KBFS6 WHERE AL_ID=181
DELETE FROM ESSAI342_KBFS6 WHERE AL_ID=182
DELETE FROM ESSAI342_KBFS6 WHERE AL_ID=183
DELETE FROM ESSAI342_KBFS6 WHERE AL_ID=184
DELETE FROM ESSAI342_KBFS6 WHERE AL_ID=185
DELETE FROM ESSAI342_KBFS6 WHERE AL_ID=186
DELETE FROM ESSAI342_KBFS6 WHERE AL_ID=187
DELETE FROM ESSAI342_KBFS6 WHERE AL_ID=188
DELETE FROM ESSAI342_KBFS6 WHERE AL_ID=189
DELETE FROM ESSAI342_KBFS6 WHERE AL_ID=190
DELETE FROM ESSAI342_KBFS6 WHERE AL_ID=191
DELETE FROM ESSAI342_KBFS6 WHERE AL_ID=192
DELETE FROM ESSAI342_KBFS6 WHERE AL_ID=193
DELETE FROM ESSAI342_KBFS6 WHERE AL_ID=194
DELETE FROM ESSAI342_KBFS6 WHERE AL_ID=195
DELETE FROM ESSAI342_KBFS6 WHERE AL_ID=196
DELETE FROM ESSAI342_KBFS6 WHERE AL_ID=197
DELETE FROM ESSAI342_KBFS6 WHERE AL_ID=198
DELETE FROM ESSAI342_KBFS6 WHERE AL_ID=199
INSERT INTO ESSAI342_KBFS6 VALUES(200,0,280.2166731876236E0,443.8718549152295E0,85)
INSERT INTO ESSAI342_KBFS6 VALUES(201,6,324.7728816858795E0,398.26935641503366E0,85)
INSERT INTO ESSAI342_KBFS6 VALUES(202,14,213.6150920544585E0,435.71259894084807E0,85)
INSERT INTO ESSAI342_KBFS6 VALUES(203,22,336.13707455499315E0,389.2786042838967E0,85)
INSERT INTO ESSAI342_KBFS6 VALUES(204,32,283.27454383095045E0,431.72595836935545E0,85)
INSERT INTO ESSAI342_KBFS6 VALUES(205,43,306.6865169879175E0,406.1844110696729E0,85)
INSERT INTO ESSAI342_KBFS6 VALUES(206,51,216.3841271090144E0,467.8059329231605E0,85)
INSERT INTO ESSAI342_KBFS6 VALUES(207,66,315.9756016559381E0,436.22285329757983E0,85)
INSERT INTO ESSAI342_KBFS6 VALUES(208,70,226.06987284350393E0,413.48504878895545E0,85)
INSERT INTO ESSAI342_KBFS6 VALUES(209,79,274.05956105883547E0,449.3004489754241E0,85)
INSERT INTO ESSAI342_KBFS6 VALUES(210,82,254.8101920232958E0,431.86459448726356E0,85)
INSERT INTO ESSAI342_KBFS6 VALUES(211,92,219.6849437154973E0,494.83679738420784E0,85)
INSERT INTO ESSAI342_KBFS6 VALUES(212,20,348.4776313069411E0,385.33634635503864E0,85)
INSERT INTO ESSAI342_KBFS6 VALUES(213,23,363.1421295800539E0,413.47417391274337E0,85)
INSERT INTO ESSAI342_KBFS6 VALUES(214,78,332.1104849373619E0,351.17236114481886E0,85)
INSERT INTO ESSAI342_KBFS6 VALUES(215,83,350.9881212276167E0,364.631361465548E0,85)
INSERT INTO ESSAI342_KBFS6 VALUES(216,19,196.99040170476545E0,492.84460974582413E0,85)
INSERT INTO ESSAI342_KBFS6 VALUES(217,25,181.82081851479225E0,395.09578894269686E0,85)
INSERT INTO ESSAI342_KBFS6 VALUES(218,27,170.59820085934808E0,365.01726195116527E0,85)
INSERT INTO ESSAI342_KBFS6 VALUES(219,69,196.95508065391547E0,485.61107632252E0,85)
INSERT INTO ESSAI342_KBFS6 VALUES(220,99,148.2519409573424E0,449.2735908732602E0,85)
INSERT INTO ESSAI342_KBFS6 VALUES(221,7,402.82836625030296E0,350.27389571437504E0,85)
INSERT INTO ESSAI342_KBFS6 VALUES(222,63,398.7926130563971E0,346.7116076407065E0,85)
INSERT INTO ESSAI342_KBFS6 VALUES(223,81,404.05253620921883E0,342.11252918305587E0,85)
INSERT INTO ESSAI342_KBFS6 VALUES(224,40,147.33199758933358E0,499.52032174176674E0,85)
INSERT INTO ESSAI342_KBFS6 VALUES(225,87,393.63991384997627E0,455.27105494992276E0,85)
INSERT INTO ESSAI342_KBFS6 VALUES(226,88,383.4157203038212E0,487.4872040887759E0,85)
INSERT INTO ESSAI342_KBFS6 VALUES(227,97,360.1373909998661E0,491.36388525345916E0,85)
INSERT INTO ESSAI342_KBFS6 VALUES(228,55,244.6693566156407E0,347.31911681963766E0,85)
INSERT INTO ESSAI342_KBFS6 VALUES(229,18,373.23232471744205E0,310.1072348124568E0,85)
INSERT INTO ESSAI342_KBFS6 VALUES(230,42,419.4794658495758E0,451.8496705915653E0,85)
INSERT INTO ESSAI342_KBFS6 VALUES(231,57,287.1289989049045E0,301.4513949317834E0,85)
INSERT INTO ESSAI342_KBFS6 VALUES(232,59,328.38909435451507E0,300.98169674271855E0,85)
INSERT INTO ESSAI342_KBFS6 VALUES(233,60,353.6555821818045E0,290.08659510483074E0,85)
INSERT INTO ESSAI342_KBFS6 VALUES(234,67,356.130833219718E0,284.9012845258148E0,85)
INSERT INTO ESSAI342_KBFS6 VALUES(235,29,122.24781185206135E0,481.7316487539455E0,85)
INSERT INTO ESSAI342_KBFS6 VALUES(236,10,440.0403223716669E0,285.4066745698094E0,85)
INSERT INTO ESSAI342_KBFS6 VALUES(237,68,455.42777493235724E0,317.19257577464373E0,85)
INSERT INTO ESSAI342_KBFS6 VALUES(238,96,456.80969694817526E0,378.58891276810203E0,85)
INSERT INTO ESSAI342_KBFS6 VALUES(239,86,326.81971515135393E0,244.7652391963015E0,85)
INSERT INTO ESSAI342_KBFS6 VALUES(240,58,53.36105406439978E0,463.98759354610803E0,85)
INSERT INTO ESSAI342_KBFS6 VALUES(241,3,491.85167913540636E0,302.1595291848857E0,85)
INSERT INTO ESSAI342_KBFS6 VALUES(242,4,442.42743887938354E0,240.69552265754007E0,85)
INSERT INTO ESSAI342_KBFS6 VALUES(243,5,481.50202089808516E0,237.57443023415985E0,85)
INSERT INTO ESSAI342_KBFS6 VALUES(244,71,420.3104447826328E0,204.36109104169898E0,85)
INSERT INTO ESSAI342_KBFS6 VALUES(245,72,461.74406655472706E0,212.31268444303942E0,85)
INSERT INTO ESSAI342_KBFS6 VALUES(246,38,59.609853732999376E0,397.2702256780689E0,85)
INSERT INTO ESSAI342_KBFS6 VALUES(247,76,83.12463397587166E0,388.6378618455477E0,85)
INSERT INTO ESSAI342_KBFS6 VALUES(248,21,435.037121020651E0,182.3048422764485E0,85)
INSERT INTO ESSAI342_KBFS6 VALUES(249,28,431.33091186764716E0,165.7172594342838E0,85)
INSERT INTO ESSAI342_KBFS6 VALUES(250,95,428.4841140237055E0,182.21649485735225E0,85)
INSERT INTO ESSAI342_KBFS6 VALUES(251,15,418.93463657764045E0,151.92475393550055E0,85)
INSERT INTO ESSAI342_KBFS6 VALUES(252,30,370.1067210586514E0,138.67757352036898E0,85)
INSERT INTO ESSAI342_KBFS6 VALUES(253,31,395.1815182264052E0,155.32821380628513E0,85)
INSERT INTO ESSAI342_KBFS6 VALUES(254,47,393.69754857199456E0,132.9221265088692E0,85)
INSERT INTO ESSAI342_KBFS6 VALUES(255,54,431.254234653296E0,128.45882622236215E0,85)
INSERT INTO ESSAI342_KBFS6 VALUES(256,64,438.0761236647509E0,147.4866555186396E0,85)
INSERT INTO ESSAI342_KBFS6 VALUES(257,12,83.98806591174667E0,318.5402624524878E0,85)
INSERT INTO ESSAI342_KBFS6 VALUES(258,13,27.19633545994693E0,357.7081774491773E0,85)
INSERT INTO ESSAI342_KBFS6 VALUES(259,77,16.06588160832506E0,345.3588055697051E0,85)
INSERT INTO ESSAI342_KBFS6 VALUES(260,1,392.65052028034785E0,100.82966627986711E0,85)
INSERT INTO ESSAI342_KBFS6 VALUES(261,45,347.18160093569884E0,129.34849449350898E0,85)
INSERT INTO ESSAI342_KBFS6 VALUES(262,98,408.9276415820415E0,68.99588967911629E0,85)
INSERT INTO ESSAI342_KBFS6 VALUES(263,84,290.9313335163805E0,143.56189389123696E0,85)
INSERT INTO ESSAI342_KBFS6 VALUES(264,65,493.23497456534966E0,96.43935130311482E0,85)
INSERT INTO ESSAI342_KBFS6 VALUES(265,17,22.044703596378667E0,265.8266571972103E0,85)
INSERT INTO ESSAI342_KBFS6 VALUES(266,48,101.55665402309944E0,260.75939258013227E0,85)
INSERT INTO ESSAI342_KBFS6 VALUES(267,2,353.55738566341745E0,35.57513494947501E0,85)
INSERT INTO ESSAI342_KBFS6 VALUES(268,61,411.1099113162753E0,29.518934652116968E0,85)
INSERT INTO ESSAI342_KBFS6 VALUES(269,62,387.87892727465737E0,41.74854636548086E0,85)
INSERT INTO ESSAI342_KBFS6 VALUES(270,16,484.7727807847757E0,42.81072623876059E0,85)
INSERT INTO ESSAI342_KBFS6 VALUES(271,89,492.2184793198624E0,66.24575902271079E0,85)
INSERT INTO ESSAI342_KBFS6 VALUES(272,90,479.96046582511366E0,53.03813090942888E0,85)
INSERT INTO ESSAI342_KBFS6 VALUES(273,11,138.0222778244415E0,200.23888720652104E0,85)
INSERT INTO ESSAI342_KBFS6 VALUES(274,26,134.16513020550124E0,212.999778774056E0,85)
INSERT INTO ESSAI342_KBFS6 VALUES(275,75,69.51847447647009E0,184.16097984386622E0,85)
INSERT INTO ESSAI342_KBFS6 VALUES(276,41,316.8875656628454E0,5.264884195605002E0,85)
INSERT INTO ESSAI342_KBFS6 VALUES(277,93,290.86437540265445E0,33.9899325233996E0,85)
INSERT INTO ESSAI342_KBFS6 VALUES(278,9,131.28127852556298E0,158.73702798696505E0,85)
INSERT INTO ESSAI342_KBFS6 VALUES(279,33,139.18430400865978E0,127.40916912001332E0,85)
INSERT INTO ESSAI342_KBFS6 VALUES(280,35,66.6925567813107E0,177.4509735115917E0,85)
INSERT INTO ESSAI342_KBFS6 VALUES(281,37,188.49990693968815E0,232.98225033166688E0,85)
INSERT INTO ESSAI342_KBFS6 VALUES(282,52,156.74868849745914E0,170.94880142246632E0,85)
INSERT INTO ESSAI342_KBFS6 VALUES(283,91,166.62831538796868E0,128.88772152984674E0,85)
INSERT INTO ESSAI342_KBFS6 VALUES(284,8,41.32207548588235E0,117.27483818320033E0,85)
INSERT INTO ESSAI342_KBFS6 VALUES(285,24,6.91211937323094E0,146.67632207919507E0,85)
INSERT INTO ESSAI342_KBFS6 VALUES(286,34,47.471511647734E0,174.5621138086412E0,85)
INSERT INTO ESSAI342_KBFS6 VALUES(287,49,44.92057334310351E0,137.2649776136821E0,85)
INSERT INTO ESSAI342_KBFS6 VALUES(288,50,36.33941785173717E0,168.31990294483307E0,85)
INSERT INTO ESSAI342_KBFS6 VALUES(289,39,268.1226403606138E0,36.311771554909114E0,85)
INSERT INTO ESSAI342_KBFS6 VALUES(290,44,243.40715053009376E0,61.695126139239E0,85)
INSERT INTO ESSAI342_KBFS6 VALUES(291,74,210.30835003427705E0,43.979745892042956E0,85)
INSERT INTO ESSAI342_KBFS6 VALUES(292,53,115.83614729276698E0,83.92344349253051E0,85)
INSERT INTO ESSAI342_KBFS6 VALUES(293,56,93.88304880553578E0,66.67428674684267E0,85)
INSERT INTO ESSAI342_KBFS6 VALUES(294,46,38.619637454834155E0,100.08828704907208E0,85)
INSERT INTO ESSAI342_KBFS6 VALUES(295,36,193.32208332433552E0,43.09087126739869E0,85)
INSERT INTO ESSAI342_KBFS6 VALUES(296,80,182.89836795550684E0,45.02490001251935E0,85)
INSERT INTO ESSAI342_KBFS6 VALUES(297,73,77.50166899340411E0,23.198653121294544E0,85)
INSERT INTO ESSAI342_KBFS6 VALUES(298,94,84.17833467947833E0,35.29569093877194E0,85)
INSERT INTO ESSAI342_KBFS6 VALUES(299,85,2.118851555739709E0,10.826903059506844E0,85)
COMMIT
DELETE FROM ENR1N WHERE AL_ID=36
DELETE FROM ENR1N WHERE AL_ID=37
DELETE FROM ENR1N WHERE AL_ID=38
DELETE FROM ENR1N WHERE AL_ID=39
DELETE FROM ENR1N WHERE AL_ID=40
DELETE FROM ENR1N WHERE AL_ID=41
DELETE FROM ENR1N WHERE AL_ID=42
DELETE FROM ENR1N WHERE AL_ID=43
DELETE FROM ENR1N WHERE AL_ID=44
DELETE FROM ENR1N WHERE AL_ID=45
DELETE FROM ENR1N WHERE AL_ID=46
DELETE FROM ENR1N WHERE AL_ID=47
DELETE FROM ENR1N WHERE AL_ID=48
DELETE FROM ENR1N WHERE AL_ID=49
DELETE FROM ENR1N WHERE AL_ID=50
DELETE FROM ENR1N WHERE AL_ID=51
DELETE FROM ENR1N WHERE AL_ID=52
DELETE FROM ENR1N WHERE AL_ID=53
DELETE FROM ENR1N WHERE AL_ID=54
DELETE FROM ENR1N WHERE AL_ID=55
DELETE FROM ENR1N WHERE AL_ID=56
DELETE FROM ENR1N WHERE AL_ID=57
DELETE FROM ENR1N WHERE AL_ID=58
DELETE FROM ENR1N WHERE AL_ID=59
DELETE FROM ENR1N WHERE AL_ID=60
DELETE FROM ENR1N WHERE AL_ID=61
DELETE FROM ENR1N WHERE AL_ID=62
DELETE FROM ENR1N WHERE AL_ID=63
DELETE FROM ENR1N WHERE AL_ID=64
DELETE FROM ENR1N WHERE AL_ID=65
DELETE FROM ENR1N WHERE AL_ID=66
DELETE FROM ENR1N WHERE AL_ID=67
DELETE FROM ENR1N WHERE AL_ID=68
DELETE FROM ENR1N WHERE AL_ID=69
DELETE FROM ENR1N WHERE AL_ID=70
DELETE FROM ENR1N WHERE AL_ID=71
INSERT INTO ENR1N VALUES(72,0,346.954545454545E0,75.7272727272727E0)
INSERT INTO ENR1N VALUES(73,1,270.454545454545E0,67.2272727272727E0)
INSERT INTO ENR1N VALUES(74,2,193.181818181818E0,58.7272727272727E0)
INSERT INTO ENR1N VALUES(75,3,138.318181818182E0,47.1363636363636E0)
INSERT INTO ENR1N VALUES(76,4,85.0E0,46.3636363636364E0)
INSERT INTO ENR1N VALUES(77,5,62.5909090909091E0,54.8636363636364E0)
INSERT INTO ENR1N VALUES(78,6,64.9090909090909E0,76.5E0)
INSERT INTO ENR1N VALUES(79,7,89.6363636363637E0,78.0454545454546E0)
INSERT INTO ENR1N VALUES(80,8,81.1363636363636E0,70.3181818181818E0)
INSERT INTO ENR1N VALUES(81,9,71.0909090909091E0,71.8636363636364E0)
INSERT INTO ENR1N VALUES(82,10,56.4090909090909E0,85.7727272727273E0)
INSERT INTO ENR1N VALUES(83,11,56.4090909090909E0,89.6363636363637E0)
INSERT INTO ENR1N VALUES(84,12,61.8181818181818E0,95.8181818181818E0)
INSERT INTO ENR1N VALUES(85,13,57.1818181818182E0,92.7272727272727E0)
INSERT INTO ENR1N VALUES(86,14,50.2272727272727E0,93.5E0)
INSERT INTO ENR1N VALUES(87,15,43.2727272727273E0,100.454545454545E0)
INSERT INTO ENR1N VALUES(88,16,44.8181818181818E0,106.636363636364E0)
INSERT INTO ENR1N VALUES(89,17,58.7272727272727E0,103.545454545455E0)
INSERT INTO ENR1N VALUES(90,18,49.4545454545455E0,95.8181818181818E0)
INSERT INTO ENR1N VALUES(91,19,34.7727272727273E0,108.181818181818E0)
INSERT INTO ENR1N VALUES(92,20,37.0909090909091E0,132.909090909091E0)
INSERT INTO ENR1N VALUES(93,21,36.3181818181818E0,163.045454545455E0)
INSERT INTO ENR1N VALUES(94,22,35.5454545454545E0,200.136363636364E0)
INSERT INTO ENR1N VALUES(95,23,41.7272727272727E0,248.045454545455E0)
INSERT INTO ENR1N VALUES(96,24,60.2727272727273E0,276.636363636364E0)
INSERT INTO ENR1N VALUES(97,25,101.227272727273E0,306.0E0)
INSERT INTO ENR1N VALUES(98,26,160.727272727273E0,338.454545454545E0)
INSERT INTO ENR1N VALUES(99,27,189.318181818182E0,335.363636363636E0)
INSERT INTO ENR1N VALUES(100,28,251.136363636364E0,334.590909090909E0)
INSERT INTO ENR1N VALUES(101,29,267.363636363636E0,319.136363636364E0)
INSERT INTO ENR1N VALUES(102,30,263.5E0,293.636363636364E0)
INSERT INTO ENR1N VALUES(103,31,216.363636363636E0,225.636363636364E0)
INSERT INTO ENR1N VALUES(104,32,214.045454545455E0,207.090909090909E0)
INSERT INTO ENR1N VALUES(105,33,214.045454545455E0,198.590909090909E0)
INSERT INTO ENR1N VALUES(106,34,210.954545454545E0,183.136363636364E0)
INSERT INTO ENR1N VALUES(107,35,199.363636363636E0,156.090909090909E0)
COMMIT
DELETE FROM A4D WHERE AL_ID=26
DELETE FROM A4D WHERE AL_ID=27
DELETE FROM A4D WHERE AL_ID=28
DELETE FROM A4D WHERE AL_ID=29
DELETE FROM A4D WHERE AL_ID=30
DELETE FROM A4D WHERE AL_ID=31
DELETE FROM A4D WHERE AL_ID=32
DELETE FROM A4D WHERE AL_ID=33
DELETE FROM A4D WHERE AL_ID=34
DELETE FROM A4D WHERE AL_ID=35
DELETE FROM A4D WHERE AL_ID=36
DELETE FROM A4D WHERE AL_ID=37
DELETE FROM A4D WHERE AL_ID=38
DELETE FROM A4D WHERE AL_ID=39
DELETE FROM A4D WHERE AL_ID=40
DELETE FROM A4D WHERE AL_ID=41
DELETE FROM A4D WHERE AL_ID=42
DELETE FROM A4D WHERE AL_ID=43
DELETE FROM A4D WHERE AL_ID=44
DELETE FROM A4D WHERE AL_ID=45
DELETE FROM A4D WHERE AL_ID=46
DELETE FROM A4D WHERE AL_ID=47
DELETE FROM A4D WHERE AL_ID=48
DELETE FROM A4D WHERE AL_ID=49
DELETE FROM A4D WHERE AL_ID=50
DELETE FROM A4D WHERE AL_ID=51
INSERT INTO A4D VALUES(52,0,88.75E0,245.0E0,85)
INSERT INTO A4D VALUES(53,1,130.0E0,247.5E0,85)
INSERT INTO A4D VALUES(54,2,183.125E0,248.125E0,85)
INSERT INTO A4D VALUES(55,3,243.125E0,246.875E0,85)
INSERT INTO A4D VALUES(56,4,298.75E0,245.625E0,85)
INSERT INTO A4D VALUES(57,5,350.0E0,243.75E0,85)
INSERT INTO A4D VALUES(58,6,138.125E0,313.75E0,85)
INSERT INTO A4D VALUES(59,7,216.875E0,301.875E0,85)
INSERT INTO A4D VALUES(60,8,268.125E0,303.75E0,85)
INSERT INTO A4D VALUES(61,9,313.75E0,311.875E0,85)
INSERT INTO A4D VALUES(62,10,252.5E0,354.375E0,85)
INSERT INTO A4D VALUES(63,12,227.5E0,413.125E0,85)
INSERT INTO A4D VALUES(64,13,225.0E0,463.75E0,85)
INSERT INTO A4D VALUES(65,15,314.375E0,186.875E0,85)
INSERT INTO A4D VALUES(66,16,128.125E0,170.625E0,85)
INSERT INTO A4D VALUES(67,17,251.25E0,178.75E0,85)
INSERT INTO A4D VALUES(68,18,188.125E0,179.375E0,85)
INSERT INTO A4D VALUES(69,19,176.25E0,105.625E0,85)
INSERT INTO A4D VALUES(70,20,245.625E0,71.875E0,85)
INSERT INTO A4D VALUES(71,21,173.75E0,362.5E0,85)
INSERT INTO A4D VALUES(72,22,238.75E0,123.125E0,85)
INSERT INTO A4D VALUES(73,23,294.375E0,134.375E0,85)
INSERT INTO A4D VALUES(74,24,260.0E0,26.25E0,85)
INSERT INTO A4D VALUES(75,25,396.25E0,244.375E0,85)
INSERT INTO A4D VALUES(76,26,450.625E0,269.375E0,85)
INSERT INTO A4D VALUES(77,27,483.75E0,233.75E0,85)
COMMIT
DELETE FROM DEUX_COMPOSANTES WHERE AL_ID=40
DELETE FROM DEUX_COMPOSANTES WHERE AL_ID=41
DELETE FROM DEUX_COMPOSANTES WHERE AL_ID=42
DELETE FROM DEUX_COMPOSANTES WHERE AL_ID=43
DELETE FROM DEUX_COMPOSANTES WHERE AL_ID=44
DELETE FROM DEUX_COMPOSANTES WHERE AL_ID=45
DELETE FROM DEUX_COMPOSANTES WHERE AL_ID=46
DELETE FROM DEUX_COMPOSANTES WHERE AL_ID=47
DELETE FROM DEUX_COMPOSANTES WHERE AL_ID=48
DELETE FROM DEUX_COMPOSANTES WHERE AL_ID=49
DELETE FROM DEUX_COMPOSANTES WHERE AL_ID=50
DELETE FROM DEUX_COMPOSANTES WHERE AL_ID=51
DELETE FROM DEUX_COMPOSANTES WHERE AL_ID=52
DELETE FROM DEUX_COMPOSANTES WHERE AL_ID=53
DELETE FROM DEUX_COMPOSANTES WHERE AL_ID=54
DELETE FROM DEUX_COMPOSANTES WHERE AL_ID=55
DELETE FROM DEUX_COMPOSANTES WHERE AL_ID=56
DELETE FROM DEUX_COMPOSANTES WHERE AL_ID=57
DELETE FROM DEUX_COMPOSANTES WHERE AL_ID=58
DELETE FROM DEUX_COMPOSANTES WHERE AL_ID=59
DELETE FROM DEUX_COMPOSANTES WHERE AL_ID=60
DELETE FROM DEUX_COMPOSANTES WHERE AL_ID=61
DELETE FROM DEUX_COMPOSANTES WHERE AL_ID=62
DELETE FROM DEUX_COMPOSANTES WHERE AL_ID=63
DELETE FROM DEUX_COMPOSANTES WHERE AL_ID=64
DELETE FROM DEUX_COMPOSANTES WHERE AL_ID=65
DELETE FROM DEUX_COMPOSANTES WHERE AL_ID=66
DELETE FROM DEUX_COMPOSANTES WHERE AL_ID=67
DELETE FROM DEUX_COMPOSANTES WHERE AL_ID=68
DELETE FROM DEUX_COMPOSANTES WHERE AL_ID=69
DELETE FROM DEUX_COMPOSANTES WHERE AL_ID=70
DELETE FROM DEUX_COMPOSANTES WHERE AL_ID=71
DELETE FROM DEUX_COMPOSANTES WHERE AL_ID=72
DELETE FROM DEUX_COMPOSANTES WHERE AL_ID=73
DELETE FROM DEUX_COMPOSANTES WHERE AL_ID=74
DELETE FROM DEUX_COMPOSANTES WHERE AL_ID=75
DELETE FROM DEUX_COMPOSANTES WHERE AL_ID=76
DELETE FROM DEUX_COMPOSANTES WHERE AL_ID=77
DELETE FROM DEUX_COMPOSANTES WHERE AL_ID=78
DELETE FROM DEUX_COMPOSANTES WHERE AL_ID=79
INSERT INTO DEUX_COMPOSANTES VALUES(80,0,450.0E0,51.875E0,85)
INSERT INTO DEUX_COMPOSANTES VALUES(81,1,461.875E0,73.75E0,85)
INSERT INTO DEUX_COMPOSANTES VALUES(82,2,469.375E0,149.375E0,85)
INSERT INTO DEUX_COMPOSANTES VALUES(83,3,446.875E0,166.875E0,85)
INSERT INTO DEUX_COMPOSANTES VALUES(84,4,411.25E0,169.375E0,85)
INSERT INTO DEUX_COMPOSANTES VALUES(85,5,371.25E0,149.375E0,85)
INSERT INTO DEUX_COMPOSANTES VALUES(86,6,360.625E0,123.75E0,85)
INSERT INTO DEUX_COMPOSANTES VALUES(87,7,352.5E0,96.25E0,85)
INSERT INTO DEUX_COMPOSANTES VALUES(88,8,368.125E0,66.875E0,85)
INSERT INTO DEUX_COMPOSANTES VALUES(89,9,420.0E0,85.625E0,85)
INSERT INTO DEUX_COMPOSANTES VALUES(90,10,396.25E0,39.375E0,85)
INSERT INTO DEUX_COMPOSANTES VALUES(91,11,323.75E0,81.875E0,85)
INSERT INTO DEUX_COMPOSANTES VALUES(92,12,318.125E0,143.125E0,85)
INSERT INTO DEUX_COMPOSANTES VALUES(93,13,101.25E0,439.375E0,85)
INSERT INTO DEUX_COMPOSANTES VALUES(94,14,60.0E0,366.875E0,85)
INSERT INTO DEUX_COMPOSANTES VALUES(95,15,103.125E0,287.5E0,85)
INSERT INTO DEUX_COMPOSANTES VALUES(96,16,166.875E0,246.875E0,85)
INSERT INTO DEUX_COMPOSANTES VALUES(97,17,178.125E0,358.75E0,85)
INSERT INTO DEUX_COMPOSANTES VALUES(98,18,181.875E0,381.875E0,85)
INSERT INTO DEUX_COMPOSANTES VALUES(99,19,248.75E0,388.125E0,85)
INSERT INTO DEUX_COMPOSANTES VALUES(100,20,251.875E0,379.375E0,85)
INSERT INTO DEUX_COMPOSANTES VALUES(101,21,221.25E0,323.125E0,85)
INSERT INTO DEUX_COMPOSANTES VALUES(102,22,196.875E0,284.375E0,85)
INSERT INTO DEUX_COMPOSANTES VALUES(103,23,161.25E0,307.5E0,85)
INSERT INTO DEUX_COMPOSANTES VALUES(104,24,138.125E0,362.5E0,85)
INSERT INTO DEUX_COMPOSANTES VALUES(105,25,118.75E0,393.125E0,85)
INSERT INTO DEUX_COMPOSANTES VALUES(106,26,190.625E0,435.625E0,85)
INSERT INTO DEUX_COMPOSANTES VALUES(107,27,100.625E0,309.375E0,85)
INSERT INTO DEUX_COMPOSANTES VALUES(108,28,136.875E0,441.875E0,85)
INSERT INTO DEUX_COMPOSANTES VALUES(109,29,348.75E0,165.0E0,85)
INSERT INTO DEUX_COMPOSANTES VALUES(110,30,268.125E0,134.375E0,85)
INSERT INTO DEUX_COMPOSANTES VALUES(111,31,261.875E0,72.5E0,85)
INSERT INTO DEUX_COMPOSANTES VALUES(112,32,305.625E0,229.375E0,85)
INSERT INTO DEUX_COMPOSANTES VALUES(113,33,403.75E0,230.625E0,85)
INSERT INTO DEUX_COMPOSANTES VALUES(114,34,450.625E0,253.125E0,85)
INSERT INTO DEUX_COMPOSANTES VALUES(115,35,369.375E0,216.875E0,85)
INSERT INTO DEUX_COMPOSANTES VALUES(116,36,258.125E0,173.75E0,85)
INSERT INTO DEUX_COMPOSANTES VALUES(117,37,126.25E0,209.375E0,85)
INSERT INTO DEUX_COMPOSANTES VALUES(118,38,279.375E0,344.375E0,85)
INSERT INTO DEUX_COMPOSANTES VALUES(119,39,295.625E0,440.0E0,85)
COMMIT
DELETE FROM A1D WHERE AL_ID=100
DELETE FROM A1D WHERE AL_ID=101
DELETE FROM A1D WHERE AL_ID=102
DELETE FROM A1D WHERE AL_ID=103
DELETE FROM A1D WHERE AL_ID=104
DELETE FROM A1D WHERE AL_ID=105
DELETE FROM A1D WHERE AL_ID=106
DELETE FROM A1D WHERE AL_ID=107
DELETE FROM A1D WHERE AL_ID=108
DELETE FROM A1D WHERE AL_ID=109
DELETE FROM A1D WHERE AL_ID=110
DELETE FROM A1D WHERE AL_ID=111
DELETE FROM A1D WHERE AL_ID=112
DELETE FROM A1D WHERE AL_ID=113
DELETE FROM A1D WHERE AL_ID=114
DELETE FROM A1D WHERE AL_ID=115
DELETE FROM A1D WHERE AL_ID=116
DELETE FROM A1D WHERE AL_ID=117
DELETE FROM A1D WHERE AL_ID=118
DELETE FROM A1D WHERE AL_ID=119
DELETE FROM A1D WHERE AL_ID=120
DELETE FROM A1D WHERE AL_ID=121
DELETE FROM A1D WHERE AL_ID=122
DELETE FROM A1D WHERE AL_ID=123
DELETE FROM A1D WHERE AL_ID=124
DELETE FROM A1D WHERE AL_ID=125
DELETE FROM A1D WHERE AL_ID=126
DELETE FROM A1D WHERE AL_ID=127
DELETE FROM A1D WHERE AL_ID=128
DELETE FROM A1D WHERE AL_ID=129
DELETE FROM A1D WHERE AL_ID=130
DELETE FROM A1D WHERE AL_ID=131
DELETE FROM A1D WHERE AL_ID=132
DELETE FROM A1D WHERE AL_ID=133
DELETE FROM A1D WHERE AL_ID=134
DELETE FROM A1D WHERE AL_ID=135
DELETE FROM A1D WHERE AL_ID=136
DELETE FROM A1D WHERE AL_ID=137
DELETE FROM A1D WHERE AL_ID=138
DELETE FROM A1D WHERE AL_ID=139
DELETE FROM A1D WHERE AL_ID=140
DELETE FROM A1D WHERE AL_ID=141
DELETE FROM A1D WHERE AL_ID=142
DELETE FROM A1D WHERE AL_ID=143
DELETE FROM A1D WHERE AL_ID=144
DELETE FROM A1D WHERE AL_ID=145
DELETE FROM A1D WHERE AL_ID=146
DELETE FROM A1D WHERE AL_ID=147
DELETE FROM A1D WHERE AL_ID=148
DELETE FROM A1D WHERE AL_ID=149
DELETE FROM A1D WHERE AL_ID=150
DELETE FROM A1D WHERE AL_ID=151
DELETE FROM A1D WHERE AL_ID=152
DELETE FROM A1D WHERE AL_ID=153
DELETE FROM A1D WHERE AL_ID=154
DELETE FROM A1D WHERE AL_ID=155
DELETE FROM A1D WHERE AL_ID=156
DELETE FROM A1D WHERE AL_ID=157
DELETE FROM A1D WHERE AL_ID=158
DELETE FROM A1D WHERE AL_ID=159
DELETE FROM A1D WHERE AL_ID=160
DELETE FROM A1D WHERE AL_ID=161
DELETE FROM A1D WHERE AL_ID=162
DELETE FROM A1D WHERE AL_ID=163
DELETE FROM A1D WHERE AL_ID=164
DELETE FROM A1D WHERE AL_ID=165
DELETE FROM A1D WHERE AL_ID=166
DELETE FROM A1D WHERE AL_ID=167
DELETE FROM A1D WHERE AL_ID=168
DELETE FROM A1D WHERE AL_ID=169
DELETE FROM A1D WHERE AL_ID=170
DELETE FROM A1D WHERE AL_ID=171
DELETE FROM A1D WHERE AL_ID=172
DELETE FROM A1D WHERE AL_ID=173
DELETE FROM A1D WHERE AL_ID=174
DELETE FROM A1D WHERE AL_ID=175
DELETE FROM A1D WHERE AL_ID=176
DELETE FROM A1D WHERE AL_ID=177
DELETE FROM A1D WHERE AL_ID=178
DELETE FROM A1D WHERE AL_ID=179
DELETE FROM A1D WHERE AL_ID=180
DELETE FROM A1D WHERE AL_ID=181
DELETE FROM A1D WHERE AL_ID=182
DELETE FROM A1D WHERE AL_ID=183
DELETE FROM A1D WHERE AL_ID=184
DELETE FROM A1D WHERE AL_ID=185
DELETE FROM A1D WHERE AL_ID=186
DELETE FROM A1D WHERE AL_ID=187
DELETE FROM A1D WHERE AL_ID=188
DELETE FROM A1D WHERE AL_ID=189
DELETE FROM A1D WHERE AL_ID=190
DELETE FROM A1D WHERE AL_ID=191
DELETE FROM A1D WHERE AL_ID=192
DELETE FROM A1D WHERE AL_ID=193
DELETE FROM A1D WHERE AL_ID=194
DELETE FROM A1D WHERE AL_ID=195
DELETE FROM A1D WHERE AL_ID=196
DELETE FROM A1D WHERE AL_ID=197
DELETE FROM A1D WHERE AL_ID=198
DELETE FROM A1D WHERE AL_ID=199
INSERT INTO A1D VALUES(200,0,365.2151483717136E0,128.9013952978902E0)
INSERT INTO A1D VALUES(201,1,29.600982905622296E0,122.05862528212657E0)
INSERT INTO A1D VALUES(202,2,409.40451142761583E0,185.3055630068207E0)
INSERT INTO A1D VALUES(203,3,428.1414664707299E0,357.49233819794875E0)
INSERT INTO A1D VALUES(204,4,143.62844340722026E0,458.1234756308812E0)
INSERT INTO A1D VALUES(205,5,4.1380742125018415E0,220.31124022721133E0)
INSERT INTO A1D VALUES(206,6,15.666974247556587E0,461.35553851607864E0)
INSERT INTO A1D VALUES(207,7,481.0518785523898E0,400.3905108971497E0)
INSERT INTO A1D VALUES(208,8,218.45141790341154E0,407.3747183421569E0)
INSERT INTO A1D VALUES(209,9,107.61560998260849E0,478.5073354250832E0)
INSERT INTO A1D VALUES(210,10,108.03698942167928E0,197.6012266481065E0)
INSERT INTO A1D VALUES(211,11,149.47202212211175E0,236.5253365809979E0)
INSERT INTO A1D VALUES(212,12,188.71073548515525E0,328.8422494313939E0)
INSERT INTO A1D VALUES(213,13,128.4363629181121E0,385.32691255344844E0)
INSERT INTO A1D VALUES(214,14,396.4511752050183E0,407.0846640651393E0)
INSERT INTO A1D VALUES(215,15,423.6556038771385E0,248.2285101146271E0)
INSERT INTO A1D VALUES(216,16,244.47570577108118E0,125.07899196245347E0)
INSERT INTO A1D VALUES(217,17,376.76997150372495E0,109.97721124591814E0)
INSERT INTO A1D VALUES(218,18,242.75625000694572E0,365.2291235176285E0)
INSERT INTO A1D VALUES(219,19,336.63857014212E0,4.415003787015204E0)
INSERT INTO A1D VALUES(220,20,367.15314519959367E0,35.10266881774321E0)
INSERT INTO A1D VALUES(221,21,138.27347829029978E0,167.51069628404136E0)
INSERT INTO A1D VALUES(222,22,233.21173086692377E0,329.3029141342644E0)
INSERT INTO A1D VALUES(223,23,335.3333836601331E0,226.6975884043652E0)
INSERT INTO A1D VALUES(224,24,24.685986581185816E0,338.49396661846004E0)
INSERT INTO A1D VALUES(225,25,95.86004120542796E0,432.3181382904787E0)
INSERT INTO A1D VALUES(226,26,137.49757337783953E0,294.04650044554063E0)
INSERT INTO A1D VALUES(227,27,26.897833071555244E0,362.4655060336043E0)
INSERT INTO A1D VALUES(228,28,426.10849453450265E0,245.07221925253774E0)
INSERT INTO A1D VALUES(229,29,315.21872580556635E0,48.624813417319615E0)
INSERT INTO A1D VALUES(230,30,381.1802332691749E0,113.54116167826744E0)
INSERT INTO A1D VALUES(231,31,458.5817868408335E0,376.25529474429464E0)
INSERT INTO A1D VALUES(232,32,24.91127365179424E0,362.72647212586867E0)
INSERT INTO A1D VALUES(233,33,14.788869392153847E0,411.8180505518692E0)
INSERT INTO A1D VALUES(234,34,283.59001332671625E0,444.39716140134425E0)
INSERT INTO A1D VALUES(235,35,214.2546794050656E0,495.7420134290552E0)
INSERT INTO A1D VALUES(236,36,85.66925065146208E0,260.98031165565516E0)
INSERT INTO A1D VALUES(237,37,465.8916604106342E0,19.434229765004364E0)
INSERT INTO A1D VALUES(238,38,438.06294861834766E0,90.3396378843252E0)
INSERT INTO A1D VALUES(239,39,235.81719718378847E0,273.67899743594944E0)
INSERT INTO A1D VALUES(240,40,253.3857689345646E0,272.8683993525573E0)
INSERT INTO A1D VALUES(241,41,493.72253208826453E0,115.63323328171488E0)
INSERT INTO A1D VALUES(242,42,236.50024643953526E0,453.2703305354111E0)
INSERT INTO A1D VALUES(243,43,402.700000652666E0,452.1141733008098E0)
INSERT INTO A1D VALUES(244,44,190.00576446144007E0,302.70289011952565E0)
INSERT INTO A1D VALUES(245,45,174.9070994113046E0,177.9886352381556E0)
INSERT INTO A1D VALUES(246,46,165.19863453088374E0,420.8832745493052E0)
INSERT INTO A1D VALUES(247,47,27.65280483414806E0,240.2111042911468E0)
INSERT INTO A1D VALUES(248,48,467.5513439045359E0,32.307908807274025E0)
INSERT INTO A1D VALUES(249,49,452.32407820998077E0,420.4217171865024E0)
INSERT INTO A1D VALUES(250,50,123.90439183750446E0,145.91254560395288E0)
INSERT INTO A1D VALUES(251,51,52.02680714469604E0,242.0029254347757E0)
INSERT INTO A1D VALUES(252,52,32.332760070634905E0,43.30014171970159E0)
INSERT INTO A1D VALUES(253,53,12.898120342788255E0,111.10733111632481E0)
INSERT INTO A1D VALUES(254,54,145.04453829715484E0,297.09024261595806E0)
INSERT INTO A1D VALUES(255,55,348.7536918193894E0,395.40725406313E0)
INSERT INTO A1D VALUES(256,56,179.6879602622466E0,497.9936910321875E0)
INSERT INTO A1D VALUES(257,57,399.0657094505919E0,129.17987949299518E0)
INSERT INTO A1D VALUES(258,58,15.088080861468844E0,486.89276431666315E0)
INSERT INTO A1D VALUES(259,59,166.22431533750702E0,408.83023081710456E0)
INSERT INTO A1D VALUES(260,60,103.70383295651392E0,146.50734194832427E0)
INSERT INTO A1D VALUES(261,61,449.61733066885967E0,309.06740055423353E0)
INSERT INTO A1D VALUES(262,62,424.99047558756297E0,206.15357883455727E0)
INSERT INTO A1D VALUES(263,63,371.2700673766098E0,306.68774361778674E0)
INSERT INTO A1D VALUES(264,64,211.37227259204917E0,52.652349579819735E0)
INSERT INTO A1D VALUES(265,65,290.6189879879759E0,246.28205444233836E0)
INSERT INTO A1D VALUES(266,66,401.6745941598186E0,220.62053087012828E0)
INSERT INTO A1D VALUES(267,67,274.45029111549E0,320.17209013275397E0)
INSERT INTO A1D VALUES(268,68,15.634184116758764E0,56.1788320451993E0)
INSERT INTO A1D VALUES(269,69,222.1161448142255E0,363.4949127315289E0)
INSERT INTO A1D VALUES(270,70,397.50102312828875E0,9.53590427527512E0)
INSERT INTO A1D VALUES(271,71,445.848619577774E0,484.5920381080401E0)
INSERT INTO A1D VALUES(272,72,46.764476306556226E0,113.95897735487614E0)
INSERT INTO A1D VALUES(273,73,471.32328435597657E0,160.72339535672143E0)
INSERT INTO A1D VALUES(274,74,39.681136960432404E0,451.3172808981047E0)
INSERT INTO A1D VALUES(275,75,54.58148145138142E0,429.61459497580347E0)
INSERT INTO A1D VALUES(276,76,346.5513927507297E0,287.68511705060837E0)
INSERT INTO A1D VALUES(277,77,408.0022287175888E0,198.45929103077563E0)
INSERT INTO A1D VALUES(278,78,166.58586632488158E0,86.41734272471547E0)
INSERT INTO A1D VALUES(279,79,390.2219944287881E0,473.7364200307662E0)
INSERT INTO A1D VALUES(280,80,234.72303207347832E0,270.6607884852332E0)
INSERT INTO A1D VALUES(281,81,442.7322382369294E0,487.56571633240895E0)
INSERT INTO A1D VALUES(282,82,402.90327115310794E0,412.44080346511305E0)
INSERT INTO A1D VALUES(283,83,349.3421008972333E0,259.313149607265E0)
INSERT INTO A1D VALUES(284,84,162.07436530919082E0,471.26305105224577E0)
INSERT INTO A1D VALUES(285,85,453.7751081801202E0,84.77081171607092E0)
INSERT INTO A1D VALUES(286,86,150.59826085549793E0,291.5964862296991E0)
INSERT INTO A1D VALUES(287,87,295.3763987171075E0,289.474721286885E0)
INSERT INTO A1D VALUES(288,88,89.7477919907852E0,295.6539063049196E0)
INSERT INTO A1D VALUES(289,89,213.23840726398024E0,317.58664510997403E0)
INSERT INTO A1D VALUES(290,90,497.6273439949952E0,175.56278187225382E0)
INSERT INTO A1D VALUES(291,91,325.0105256429509E0,353.2547775787114E0)
INSERT INTO A1D VALUES(292,92,459.1203901317806E0,397.3192474620196E0)
INSERT INTO A1D VALUES(293,93,408.2398329759147E0,187.48119213409166E0)
INSERT INTO A1D VALUES(294,94,171.3616343108195E0,477.84452327230287E0)
INSERT INTO A1D VALUES(295,95,99.29733778375244E0,450.2622835309452E0)
INSERT INTO A1D VALUES(296,96,441.75101714542035E0,286.01325902031965E0)
INSERT INTO A1D VALUES(297,97,477.7760256021014E0,125.13169596625379E0)
INSERT INTO A1D VALUES(298,98,288.6712598910325E0,48.69948405575953E0)
INSERT INTO A1D VALUES(299,99,22.70407965839738E0,451.2235914528186E0)
COMMIT
DISCONNECT
